2024-06-28 12:06:15,488 - matplotlib.font_manager - INFO - generated new fontManager
2024-06-28 12:09:47,229 - pyswarms.single.global_best - INFO - Optimize for 100 iters with {'c1': 0.5, 'c2': 0.3, 'w': 0.9}
2024-06-28 12:09:47,373 - pyswarms.single.global_best - INFO - Optimization finished | best cost: 11374.05763967403, best pos: [1.000 106.645]
2024-06-28 12:10:31,301 - pyswarms.single.global_best - INFO - Optimize for 100 iters with {'c1': 0.5, 'c2': 0.3, 'w': 0.9}
2024-06-28 12:40:47,795 - pyswarms.single.global_best - INFO - Optimize for 100 iters with {'c1': 0.5, 'c2': 0.3, 'w': 0.9}
2024-06-28 12:41:18,888 - pyswarms.single.global_best - INFO - Optimize for 100 iters with {'c1': 0.5, 'c2': 0.3, 'w': 0.9}
2024-06-28 12:41:40,629 - pyswarms.single.global_best - INFO - Optimize for 100 iters with {'c1': 0.5, 'c2': 0.3, 'w': 0.9}
2024-06-28 12:42:15,819 - pyswarms.single.global_best - INFO - Optimize for 100 iters with {'c1': 0.5, 'c2': 0.3, 'w': 0.9}
2024-06-28 12:45:35,092 - pyswarms.single.global_best - INFO - Optimize for 100 iters with {'c1': 0.5, 'c2': 0.3, 'w': 0.9}
2024-06-28 12:46:28,258 - pyswarms.single.global_best - INFO - Optimize for 100 iters with {'c1': 0.5, 'c2': 0.3, 'w': 0.9}
2024-06-28 12:46:29,827 - pyswarms.single.global_best - INFO - Optimize for 100 iters with {'c1': 0.5, 'c2': 0.3, 'w': 0.9}
2024-06-28 12:47:51,373 - pyswarms.single.global_best - INFO - Optimize for 100 iters with {'c1': 0.5, 'c2': 0.3, 'w': 0.9}
2024-06-28 12:47:51,559 - pyswarms.single.global_best - INFO - Optimization finished | best cost: -inf, best pos: [1.000 251.822]
2024-06-28 12:49:42,014 - pyswarms.single.global_best - INFO - Optimize for 100 iters with {'c1': 0.5, 'c2': 0.3, 'w': 0.9}
2024-06-28 12:49:42,123 - pyswarms.single.global_best - INFO - Optimization finished | best cost: -inf, best pos: [1.000 312.541]
2024-06-28 12:50:03,702 - pyswarms.single.global_best - INFO - Optimize for 100 iters with {'c1': 0.5, 'c2': 0.3, 'w': 0.9}
2024-06-28 12:50:03,821 - pyswarms.single.global_best - INFO - Optimization finished | best cost: -inf, best pos: [1.000 296.889]
2024-06-28 12:51:49,086 - pyswarms.single.global_best - INFO - Optimize for 100 iters with {'c1': 0.5, 'c2': 0.3, 'w': 0.9}
2024-06-28 12:51:49,201 - pyswarms.single.global_best - INFO - Optimization finished | best cost: -inf, best pos: [1.000 252.979]
2024-06-28 12:53:42,395 - pyswarms.single.global_best - INFO - Optimize for 10000 iters with {'c1': 0.5, 'c2': 0.3, 'w': 0.9}
2024-06-28 12:53:52,820 - pyswarms.single.global_best - INFO - Optimization finished | best cost: -999999990.0, best pos: [1.000 276.587]
